<?xml version="1.0" encoding="UTF-8"?>
<!-- Generated by org.testng.reporters.JUnitXMLReporter -->
<testsuite ignored="0" hostname="BA-00019584.local" failures="0" tests="10" name="OpenWay" time="0.079" errors="0" timestamp="2023-04-07T00:40:56 WIB">
  <testcase classname="openway.AppTest" name="testingValidCalculation" time="0.006"/>
  <testcase classname="openway.AppTest" name="testingValidCalculation" time="0.0"/>
  <testcase classname="openway.AppTest" name="testingValidCalculation" time="0.0"/>
  <testcase classname="openway.AppTest" name="testingValidCalculation" time="0.0"/>
  <testcase classname="openway.AppTest" name="testingValidCalculation" time="0.001"/>
  <testcase classname="openway.AppTest" name="testingValidCalculation" time="0.001"/>
  <testcase classname="openway.AppTest" name="testingValidCalculation" time="0.0"/>
  <testcase classname="openway.AppTest" name="testingValidCalculation" time="0.0"/>
  <testcase classname="openway.AppTest" name="testingValidCalculation" time="0.001"/>
  <testcase classname="openway.AppTest" name="testingInvalidCalculationGivenString" time="0.001"/>
</testsuite> <!-- OpenWay -->
