<?xml version="1.0" encoding="UTF-8"?>
<testng-results ignored="0" total="1" passed="1" failed="0" skipped="0">
  <reporter-output>
  </reporter-output>
  <suite started-at="2023-04-07T00:05:10 WIB" name="Suite" finished-at="2023-04-07T00:05:10 WIB" duration-ms="55">
    <groups>
    </groups>
    <test started-at="2023-04-07T00:05:10 WIB" name="OpenWay" finished-at="2023-04-07T00:05:10 WIB" duration-ms="55">
      <class name="openway.AppTest">
        <test-method signature="testingCalculation()[pri:0, instance:openway.AppTest@453da22c]" started-at="2023-04-07T00:05:10 WIB" name="testingCalculation" finished-at="2023-04-07T00:05:10 WIB" duration-ms="4" status="PASS">
          <reporter-output>
          </reporter-output>
        </test-method> <!-- testingCalculation -->
      </class> <!-- openway.AppTest -->
    </test> <!-- OpenWay -->
  </suite> <!-- Suite -->
</testng-results>
