<?xml version="1.0" encoding="UTF-8"?>
<testng-results ignored="0" total="10" passed="10" failed="0" skipped="0">
  <reporter-output>
  </reporter-output>
  <suite started-at="2023-04-07T00:40:51 WIB" name="Suite" finished-at="2023-04-07T00:40:51 WIB" duration-ms="79">
    <groups>
    </groups>
    <test started-at="2023-04-07T00:40:51 WIB" name="OpenWay" finished-at="2023-04-07T00:40:51 WIB" duration-ms="79">
      <class name="openway.AppTest">
        <test-method signature="testingValidCalculation(int,double)[pri:1, instance:openway.AppTest@15d9bc04]" started-at="2023-04-07T00:40:51 WIB" name="testingValidCalculation" data-provider="data-provider" finished-at="2023-04-07T00:40:51 WIB" duration-ms="6" status="PASS">
          <params>
            <param index="0">
              <value>
                <![CDATA[-2]]>
              </value>
            </param>
            <param index="1">
              <value>
                <![CDATA[-0.5]]>
              </value>
            </param>
          </params>
          <reporter-output>
          </reporter-output>
        </test-method> <!-- testingValidCalculation -->
        <test-method signature="testingValidCalculation(int,double)[pri:1, instance:openway.AppTest@15d9bc04]" started-at="2023-04-07T00:40:51 WIB" name="testingValidCalculation" data-provider="data-provider" finished-at="2023-04-07T00:40:51 WIB" duration-ms="0" status="PASS">
          <params>
            <param index="0">
              <value>
                <![CDATA[-8]]>
              </value>
            </param>
            <param index="1">
              <value>
                <![CDATA[-0.125]]>
              </value>
            </param>
          </params>
          <reporter-output>
          </reporter-output>
        </test-method> <!-- testingValidCalculation -->
        <test-method signature="testingValidCalculation(int,double)[pri:1, instance:openway.AppTest@15d9bc04]" started-at="2023-04-07T00:40:51 WIB" name="testingValidCalculation" data-provider="data-provider" finished-at="2023-04-07T00:40:51 WIB" duration-ms="0" status="PASS">
          <params>
            <param index="0">
              <value>
                <![CDATA[10]]>
              </value>
            </param>
            <param index="1">
              <value>
                <![CDATA[0.1]]>
              </value>
            </param>
          </params>
          <reporter-output>
          </reporter-output>
        </test-method> <!-- testingValidCalculation -->
        <test-method signature="testingValidCalculation(int,double)[pri:1, instance:openway.AppTest@15d9bc04]" started-at="2023-04-07T00:40:51 WIB" name="testingValidCalculation" data-provider="data-provider" finished-at="2023-04-07T00:40:51 WIB" duration-ms="0" status="PASS">
          <params>
            <param index="0">
              <value>
                <![CDATA[4]]>
              </value>
            </param>
            <param index="1">
              <value>
                <![CDATA[0.25]]>
              </value>
            </param>
          </params>
          <reporter-output>
          </reporter-output>
        </test-method> <!-- testingValidCalculation -->
        <test-method signature="testingValidCalculation(int,double)[pri:1, instance:openway.AppTest@15d9bc04]" started-at="2023-04-07T00:40:51 WIB" name="testingValidCalculation" data-provider="data-provider" finished-at="2023-04-07T00:40:51 WIB" duration-ms="1" status="PASS">
          <params>
            <param index="0">
              <value>
                <![CDATA[0]]>
              </value>
            </param>
            <param index="1">
              <value>
                <![CDATA[Infinity]]>
              </value>
            </param>
          </params>
          <reporter-output>
          </reporter-output>
        </test-method> <!-- testingValidCalculation -->
        <test-method signature="testingValidCalculation(int,double)[pri:1, instance:openway.AppTest@15d9bc04]" started-at="2023-04-07T00:40:51 WIB" name="testingValidCalculation" data-provider="data-provider" finished-at="2023-04-07T00:40:51 WIB" duration-ms="1" status="PASS">
          <params>
            <param index="0">
              <value>
                <![CDATA[4]]>
              </value>
            </param>
            <param index="1">
              <value>
                <![CDATA[0.25]]>
              </value>
            </param>
          </params>
          <reporter-output>
          </reporter-output>
        </test-method> <!-- testingValidCalculation -->
        <test-method signature="testingValidCalculation(int,double)[pri:1, instance:openway.AppTest@15d9bc04]" started-at="2023-04-07T00:40:51 WIB" name="testingValidCalculation" data-provider="data-provider" finished-at="2023-04-07T00:40:51 WIB" duration-ms="0" status="PASS">
          <params>
            <param index="0">
              <value>
                <![CDATA[100]]>
              </value>
            </param>
            <param index="1">
              <value>
                <![CDATA[0.01]]>
              </value>
            </param>
          </params>
          <reporter-output>
          </reporter-output>
        </test-method> <!-- testingValidCalculation -->
        <test-method signature="testingValidCalculation(int,double)[pri:1, instance:openway.AppTest@15d9bc04]" started-at="2023-04-07T00:40:51 WIB" name="testingValidCalculation" data-provider="data-provider" finished-at="2023-04-07T00:40:51 WIB" duration-ms="1" status="PASS">
          <params>
            <param index="0">
              <value>
                <![CDATA[10000]]>
              </value>
            </param>
            <param index="1">
              <value>
                <![CDATA[1.0E-4]]>
              </value>
            </param>
          </params>
          <reporter-output>
          </reporter-output>
        </test-method> <!-- testingValidCalculation -->
        <test-method signature="testingValidCalculation(int,double)[pri:1, instance:openway.AppTest@15d9bc04]" started-at="2023-04-07T00:40:51 WIB" name="testingValidCalculation" data-provider="data-provider" finished-at="2023-04-07T00:40:51 WIB" duration-ms="0" status="PASS">
          <params>
            <param index="0">
              <value>
                <![CDATA[1000]]>
              </value>
            </param>
            <param index="1">
              <value>
                <![CDATA[0.001]]>
              </value>
            </param>
          </params>
          <reporter-output>
          </reporter-output>
        </test-method> <!-- testingValidCalculation -->
        <test-method signature="testingInvalidCalculationGivenString()[pri:2, instance:openway.AppTest@15d9bc04]" started-at="2023-04-07T00:40:51 WIB" name="testingInvalidCalculationGivenString" finished-at="2023-04-07T00:40:51 WIB" duration-ms="1" status="PASS">
          <reporter-output>
          </reporter-output>
        </test-method> <!-- testingInvalidCalculationGivenString -->
      </class> <!-- openway.AppTest -->
    </test> <!-- OpenWay -->
  </suite> <!-- Suite -->
</testng-results>
